<?xml version="1.0" encoding="UTF-8"?>
<!-- Generated by org.testng.reporters.JUnitXMLReporter -->
<testsuite ignored="0" hostname="DESKTOP-UA4GN7G" failures="1" tests="15" name="Test" time="1047.687" errors="0" timestamp="2025-07-14T15:09:33 IST">
  <testcase classname="testCasePackage.TestCase8_ProductSort_Relevance_Price_Rating" name="productSort_Relevance_Price_Rating" time="37.806"/>
  <testcase classname="testCasePackage.TestCase14_5StarRating_LastOrder" name="StarRating_LastOrder" time="48.192"/>
  <testcase classname="testCasePackage.TestCase15_WithoutLogin_AddToCart" name="withoutLogin_AddToCart" time="38.693"/>
  <testcase classname="testCasePackage.TestCase7_ProductDetailsVerification_Price_Review_Description" name="productDetailsVerification_Price_Review_Description" time="28.455"/>
  <testcase classname="testCasePackage.TestCase9_ItemsCanAdded_ToShoppingCart" name="itemsCanAdded_ToShoppingCart" time="35.862"/>
  <testcase classname="testCasePackage.TestCase6_SearchWithFilter" name="searchWithFilter" time="39.246"/>
  <testcase classname="testCasePackage.TestCase4_EditProfileInformation" name="editProfileInformation" time="35.362"/>
  <testcase classname="testCasePackage.TestCase5_SearchShoes" name="searchShoes" time="17.583"/>
  <testcase classname="testCasePackage.TestCase3_AmazonInValidLogin" name="amazonInvalidLogin" time="11.157"/>
  <testcase classname="testCasePackage.TestCase12_SelectEachPaymentMethod" name="selectEachPaymentMethod" time="69.044"/>
  <testcase classname="testCasePackage.TestCase13_ApplyCouponCode" name="ApplyCouponCode" time="82.335"/>
  <testcase classname="testCasePackage.TestCase11_Checkout_PaymentMethod_orderReview_Address" name="checkout_PaymentMethod_orderReview_Address" time="86.488"/>
  <testcase classname="testCasePackage.TestCase1_AmazonRegistartion" name="amazonRegistration" time="3.377"/>
  <testcase classname="testCasePackage.TestCase2_AmazonValidLogin" name="validCredentials" time="46.62"/>
  <testcase classname="testCasePackage.TestCase10_UpadateQuantity_RemoveFromCart" name="upadateQuantity_RemoveFromCart" time="18.271">
    <failure type="org.openqa.selenium.StaleElementReferenceException" message="stale element reference: stale element not found in the current frame
  (Session info: MicrosoftEdge=138.0.3351.83)
For documentation on this error, please visit: https://www.selenium.dev/documentation/webdriver/troubleshooting/errors#stale-element-reference-exception
Build info: version: &amp;apos;4.32.0&amp;apos;, revision: &amp;apos;d17c8aa950&amp;apos;
System info: os.name: &amp;apos;Windows 10&amp;apos;, os.arch: &amp;apos;amd64&amp;apos;, os.version: &amp;apos;10.0&amp;apos;, java.version: &amp;apos;17.0.12&amp;apos;
Driver info: org.openqa.selenium.edge.EdgeDriver
Command: [1d11d22d61f3497d4cb26d891c9eab8f, clickElement {id=f.74C8B21E8E86393014EA54FB4D9E932A.d.C4D2CAC81B70BF5D69484230175C41EC.e.309}]
Capabilities {acceptInsecureCerts: false, browserName: MicrosoftEdge, browserVersion: 138.0.3351.83, fedcm:accounts: true, ms:edgeOptions: {debuggerAddress: localhost:56063}, msedge: {msedgedriverVersion: 138.0.3351.83 (16e2a7bef320..., userDataDir: C:\Users\Dell\AppData\Local...}, networkConnectionEnabled: false, pageLoadStrategy: normal, platformName: windows, proxy: Proxy(), se:cdp: ws://localhost:56063/devtoo..., se:cdpVersion: 138.0.3351.83, setWindowRect: true, strictFileInteractability: false, timeouts: {implicit: 0, pageLoad: 300000, script: 30000}, unhandledPromptBehavior: dismiss and notify, webauthn:extension:credBlob: true, webauthn:extension:largeBlob: true, webauthn:extension:minPinLength: true, webauthn:extension:prf: true, webauthn:virtualAuthenticators: true}
Element: [[EdgeDriver: MicrosoftEdge on windows (1d11d22d61f3497d4cb26d891c9eab8f)] -&amp;gt; xpath: (//button[@data-a-selector=&amp;apos;increment&amp;apos; and @class=&amp;apos;a-declarative&amp;apos;])[1]]
Session ID: 1d11d22d61f3497d4cb26d891c9eab8f">
      <![CDATA[org.openqa.selenium.StaleElementReferenceException: stale element reference: stale element not found in the current frame
  (Session info: MicrosoftEdge=138.0.3351.83)
For documentation on this error, please visit: https://www.selenium.dev/documentation/webdriver/troubleshooting/errors#stale-element-reference-exception
Build info: version: '4.32.0', revision: 'd17c8aa950'
System info: os.name: 'Windows 10', os.arch: 'amd64', os.version: '10.0', java.version: '17.0.12'
Driver info: org.openqa.selenium.edge.EdgeDriver
Command: [1d11d22d61f3497d4cb26d891c9eab8f, clickElement {id=f.74C8B21E8E86393014EA54FB4D9E932A.d.C4D2CAC81B70BF5D69484230175C41EC.e.309}]
Capabilities {acceptInsecureCerts: false, browserName: MicrosoftEdge, browserVersion: 138.0.3351.83, fedcm:accounts: true, ms:edgeOptions: {debuggerAddress: localhost:56063}, msedge: {msedgedriverVersion: 138.0.3351.83 (16e2a7bef320..., userDataDir: C:\Users\Dell\AppData\Local...}, networkConnectionEnabled: false, pageLoadStrategy: normal, platformName: windows, proxy: Proxy(), se:cdp: ws://localhost:56063/devtoo..., se:cdpVersion: 138.0.3351.83, setWindowRect: true, strictFileInteractability: false, timeouts: {implicit: 0, pageLoad: 300000, script: 30000}, unhandledPromptBehavior: dismiss and notify, webauthn:extension:credBlob: true, webauthn:extension:largeBlob: true, webauthn:extension:minPinLength: true, webauthn:extension:prf: true, webauthn:virtualAuthenticators: true}
Element: [[EdgeDriver: MicrosoftEdge on windows (1d11d22d61f3497d4cb26d891c9eab8f)] -> xpath: (//button[@data-a-selector='increment' and @class='a-declarative'])[1]]
Session ID: 1d11d22d61f3497d4cb26d891c9eab8f
at org.openqa.selenium.remote.ErrorCodec.decode(ErrorCodec.java:167)
at org.openqa.selenium.remote.codec.w3c.W3CHttpResponseCodec.decode(W3CHttpResponseCodec.java:138)
at org.openqa.selenium.remote.codec.w3c.W3CHttpResponseCodec.decode(W3CHttpResponseCodec.java:50)
at org.openqa.selenium.remote.HttpCommandExecutor.execute(HttpCommandExecutor.java:215)
at org.openqa.selenium.remote.service.DriverCommandExecutor.invokeExecute(DriverCommandExecutor.java:216)
at org.openqa.selenium.remote.service.DriverCommandExecutor.execute(DriverCommandExecutor.java:174)
at org.openqa.selenium.remote.RemoteWebDriver.execute(RemoteWebDriver.java:545)
at org.openqa.selenium.remote.RemoteWebElement.execute(RemoteWebElement.java:223)
at org.openqa.selenium.remote.RemoteWebElement.click(RemoteWebElement.java:76)
at org.openqa.selenium.support.pagefactory.internal.LocatingElementHandler.invoke(LocatingElementHandler.java:51)
at jdk.proxy2/jdk.proxy2.$Proxy16.click(Unknown Source)
at pages.CartPage.increament(CartPage.java:60)
at testCasePackage.TestCase10_UpadateQuantity_RemoveFromCart.upadateQuantity_RemoveFromCart(TestCase10_UpadateQuantity_RemoveFromCart.java:22)
at java.base/java.util.ArrayList.forEach(ArrayList.java:1511)
... Removed 35 stack frames]]>
    </failure>
  </testcase> <!-- upadateQuantity_RemoveFromCart -->
</testsuite> <!-- Test -->
