<html>
<head>
<title>TestNG:  Test</title>
<link href="../testng.css" rel="stylesheet" type="text/css" />
<link href="../my-testng.css" rel="stylesheet" type="text/css" />

<style type="text/css">
.log { display: none;} 
.stack-trace { display: none;} 
</style>
<script type="text/javascript">
<!--
function flip(e) {
  current = e.style.display;
  if (current == 'block') {
    e.style.display = 'none';
    return 0;
  }
  else {
    e.style.display = 'block';
    return 1;
  }
}

function toggleBox(szDivId, elem, msg1, msg2)
{
  var res = -1;  if (document.getElementById) {
    res = flip(document.getElementById(szDivId));
  }
  else if (document.all) {
    // this is the way old msie versions work
    res = flip(document.all[szDivId]);
  }
  if(elem) {
    if(res == 0) elem.innerHTML = msg1; else elem.innerHTML = msg2;
  }

}

function toggleAllBoxes() {
  if (document.getElementsByTagName) {
    d = document.getElementsByTagName('div');
    for (i = 0; i < d.length; i++) {
      if (d[i].className == 'log') {
        flip(d[i]);
      }
    }
  }
}

// -->
</script>

</head>
<body>
<h2 align='center'>Test</h2><table border='1' align="center">
<tr>
<td>Tests passed/Failed/Skipped:</td><td>14/1/0</td>
</tr><tr>
<td>Started on:</td><td>Mon Jul 14 14:52:05 IST 2025</td>
</tr>
<tr><td>Total time:</td><td>1047 seconds (1047687 ms)</td>
</tr><tr>
<td>Included groups:</td><td></td>
</tr><tr>
<td>Excluded groups:</td><td></td>
</tr>
</table><p/>
<small><i>(Hover the method name to see the test class name)</i></small><p/>
<table width='100%' border='1' class='invocation-failed'>
<tr><td colspan='4' align='center'><b>FAILED TESTS</b></td></tr>
<tr><td><b>Test method</b></td>
<td><b>Attribute(s)</b></td>
<td width="30%"><b>Exception</b></td>
<td width="10%"><b>Time (seconds)</b></td>
<td><b>Instance</b></td>
</tr>
<tr>
<td title='testCasePackage.TestCase10_UpadateQuantity_RemoveFromCart.upadateQuantity_RemoveFromCart()'><b>upadateQuantity_RemoveFromCart</b><br>Test class: testCasePackage.TestCase10_UpadateQuantity_RemoveFromCart</td>
<td><div><pre>org.openqa.selenium.StaleElementReferenceException: stale element reference: stale element not found in the current frame
  (Session info: MicrosoftEdge=138.0.3351.83)
For documentation on this error, please visit: https://www.selenium.dev/documentation/webdriver/troubleshooting/errors#stale-element-reference-exception
Build info: version: &apos;4.32.0&apos;, revision: &apos;d17c8aa950&apos;
System info: os.name: &apos;Windows 10&apos;, os.arch: &apos;amd64&apos;, os.version: &apos;10.0&apos;, java.version: &apos;17.0.12&apos;
Driver info: org.openqa.selenium.edge.EdgeDriver
Command: [1d11d22d61f3497d4cb26d891c9eab8f, clickElement {id=f.74C8B21E8E86393014EA54FB4D9E932A.d.C4D2CAC81B70BF5D69484230175C41EC.e.309}]
Capabilities {acceptInsecureCerts: false, browserName: MicrosoftEdge, browserVersion: 138.0.3351.83, fedcm:accounts: true, ms:edgeOptions: {debuggerAddress: localhost:56063}, msedge: {msedgedriverVersion: 138.0.3351.83 (16e2a7bef320..., userDataDir: C:\Users\Dell\AppData\Local...}, networkConnectionEnabled: false, pageLoadStrategy: normal, platformName: windows, proxy: Proxy(), se:cdp: ws://localhost:56063/devtoo..., se:cdpVersion: 138.0.3351.83, setWindowRect: true, strictFileInteractability: false, timeouts: {implicit: 0, pageLoad: 300000, script: 30000}, unhandledPromptBehavior: dismiss and notify, webauthn:extension:credBlob: true, webauthn:extension:largeBlob: true, webauthn:extension:minPinLength: true, webauthn:extension:prf: true, webauthn:virtualAuthenticators: true}
Element: [[EdgeDriver: MicrosoftEdge on windows (1d11d22d61f3497d4cb26d891c9eab8f)] -&gt; xpath: (//button[@data-a-selector=&apos;increment&apos; and @class=&apos;a-declarative&apos;])[1]]
Session ID: 1d11d22d61f3497d4cb26d891c9eab8f
	at org.openqa.selenium.remote.ErrorCodec.decode(ErrorCodec.java:167)
	at org.openqa.selenium.remote.codec.w3c.W3CHttpResponseCodec.decode(W3CHttpResponseCodec.java:138)
	at org.openqa.selenium.remote.codec.w3c.W3CHttpResponseCodec.decode(W3CHttpResponseCodec.java:50)
	at org.openqa.selenium.remote.HttpCommandExecutor.execute(HttpCommandExecutor.java:215)
	at org.openqa.selenium.remote.service.DriverCommandExecutor.invokeExecute(DriverCommandExecutor.java:216)
	at org.openqa.selenium.remote.service.DriverCommandExecutor.execute(DriverCommandExecutor.java:174)
	at org.openqa.selenium.remote.RemoteWebDriver.execute(RemoteWebDriver.java:545)
	at org.openqa.selenium.remote.RemoteWebElement.execute(RemoteWebElement.java:223)
	at org.openqa.selenium.remote.RemoteWebElement.click(RemoteWebElement.java:76)
	at org.openqa.selenium.support.pagefactory.internal.LocatingElementHandler.invoke(LocatingElementHandler.java:51)
	at jdk.proxy2/jdk.proxy2.$Proxy16.click(Unknown Source)
	at pages.CartPage.increament(CartPage.java:60)
	at testCasePackage.TestCase10_UpadateQuantity_RemoveFromCart.upadateQuantity_RemoveFromCart(TestCase10_UpadateQuantity_RemoveFromCart.java:22)
	at java.base/java.util.ArrayList.forEach(ArrayList.java:1511)
... Removed 35 stack frames</pre></div><a href='#' onClick='toggleBox("stack-trace1230977381", this, "Click to show all stack frames", "Click to hide stack frames")'>Click to show all stack frames</a>
<div class='stack-trace' id='stack-trace1230977381'><pre>org.openqa.selenium.StaleElementReferenceException: stale element reference: stale element not found in the current frame
  (Session info: MicrosoftEdge=138.0.3351.83)
For documentation on this error, please visit: https://www.selenium.dev/documentation/webdriver/troubleshooting/errors#stale-element-reference-exception
Build info: version: &apos;4.32.0&apos;, revision: &apos;d17c8aa950&apos;
System info: os.name: &apos;Windows 10&apos;, os.arch: &apos;amd64&apos;, os.version: &apos;10.0&apos;, java.version: &apos;17.0.12&apos;
Driver info: org.openqa.selenium.edge.EdgeDriver
Command: [1d11d22d61f3497d4cb26d891c9eab8f, clickElement {id=f.74C8B21E8E86393014EA54FB4D9E932A.d.C4D2CAC81B70BF5D69484230175C41EC.e.309}]
Capabilities {acceptInsecureCerts: false, browserName: MicrosoftEdge, browserVersion: 138.0.3351.83, fedcm:accounts: true, ms:edgeOptions: {debuggerAddress: localhost:56063}, msedge: {msedgedriverVersion: 138.0.3351.83 (16e2a7bef320..., userDataDir: C:\Users\Dell\AppData\Local...}, networkConnectionEnabled: false, pageLoadStrategy: normal, platformName: windows, proxy: Proxy(), se:cdp: ws://localhost:56063/devtoo..., se:cdpVersion: 138.0.3351.83, setWindowRect: true, strictFileInteractability: false, timeouts: {implicit: 0, pageLoad: 300000, script: 30000}, unhandledPromptBehavior: dismiss and notify, webauthn:extension:credBlob: true, webauthn:extension:largeBlob: true, webauthn:extension:minPinLength: true, webauthn:extension:prf: true, webauthn:virtualAuthenticators: true}
Element: [[EdgeDriver: MicrosoftEdge on windows (1d11d22d61f3497d4cb26d891c9eab8f)] -&gt; xpath: (//button[@data-a-selector=&apos;increment&apos; and @class=&apos;a-declarative&apos;])[1]]
Session ID: 1d11d22d61f3497d4cb26d891c9eab8f
	at java.base/jdk.internal.reflect.NativeConstructorAccessorImpl.newInstance0(Native Method)
	at java.base/jdk.internal.reflect.NativeConstructorAccessorImpl.newInstance(NativeConstructorAccessorImpl.java:77)
	at java.base/jdk.internal.reflect.DelegatingConstructorAccessorImpl.newInstance(DelegatingConstructorAccessorImpl.java:45)
	at java.base/java.lang.reflect.Constructor.newInstanceWithCaller(Constructor.java:499)
	at java.base/java.lang.reflect.Constructor.newInstance(Constructor.java:480)
	at org.openqa.selenium.remote.ErrorCodec.decode(ErrorCodec.java:167)
	at org.openqa.selenium.remote.codec.w3c.W3CHttpResponseCodec.decode(W3CHttpResponseCodec.java:138)
	at org.openqa.selenium.remote.codec.w3c.W3CHttpResponseCodec.decode(W3CHttpResponseCodec.java:50)
	at org.openqa.selenium.remote.HttpCommandExecutor.execute(HttpCommandExecutor.java:215)
	at org.openqa.selenium.remote.service.DriverCommandExecutor.invokeExecute(DriverCommandExecutor.java:216)
	at org.openqa.selenium.remote.service.DriverCommandExecutor.execute(DriverCommandExecutor.java:174)
	at org.openqa.selenium.remote.RemoteWebDriver.execute(RemoteWebDriver.java:545)
	at org.openqa.selenium.remote.RemoteWebElement.execute(RemoteWebElement.java:223)
	at org.openqa.selenium.remote.RemoteWebElement.click(RemoteWebElement.java:76)
	at jdk.internal.reflect.GeneratedMethodAccessor3.invoke(Unknown Source)
	at java.base/jdk.internal.reflect.DelegatingMethodAccessorImpl.invoke(DelegatingMethodAccessorImpl.java:43)
	at java.base/java.lang.reflect.Method.invoke(Method.java:568)
	at org.openqa.selenium.support.pagefactory.internal.LocatingElementHandler.invoke(LocatingElementHandler.java:51)
	at jdk.proxy2/jdk.proxy2.$Proxy16.click(Unknown Source)
	at pages.CartPage.increament(CartPage.java:60)
	at testCasePackage.TestCase10_UpadateQuantity_RemoveFromCart.upadateQuantity_RemoveFromCart(TestCase10_UpadateQuantity_RemoveFromCart.java:22)
	at java.base/jdk.internal.reflect.NativeMethodAccessorImpl.invoke0(Native Method)
	at java.base/jdk.internal.reflect.NativeMethodAccessorImpl.invoke(NativeMethodAccessorImpl.java:77)
	at java.base/jdk.internal.reflect.DelegatingMethodAccessorImpl.invoke(DelegatingMethodAccessorImpl.java:43)
	at java.base/java.lang.reflect.Method.invoke(Method.java:568)
	at org.testng.internal.invokers.MethodInvocationHelper.invokeMethod(MethodInvocationHelper.java:141)
	at org.testng.internal.invokers.TestInvoker.invokeMethod(TestInvoker.java:687)
	at org.testng.internal.invokers.TestInvoker.invokeTestMethod(TestInvoker.java:230)
	at org.testng.internal.invokers.MethodRunner.runInSequence(MethodRunner.java:63)
	at org.testng.internal.invokers.TestInvoker$MethodInvocationAgent.invoke(TestInvoker.java:995)
	at org.testng.internal.invokers.TestInvoker.invokeTestMethods(TestInvoker.java:203)
	at org.testng.internal.invokers.TestMethodWorker.invokeTestMethods(TestMethodWorker.java:154)
	at org.testng.internal.invokers.TestMethodWorker.run(TestMethodWorker.java:134)
	at java.base/java.util.ArrayList.forEach(ArrayList.java:1511)
	at org.testng.TestRunner.privateRun(TestRunner.java:741)
	at org.testng.TestRunner.run(TestRunner.java:616)
	at org.testng.SuiteRunner.runTest(SuiteRunner.java:421)
	at org.testng.SuiteRunner.runSequentially(SuiteRunner.java:413)
	at org.testng.SuiteRunner.privateRun(SuiteRunner.java:373)
	at org.testng.SuiteRunner.run(SuiteRunner.java:312)
	at org.testng.SuiteRunnerWorker.runSuite(SuiteRunnerWorker.java:52)
	at org.testng.SuiteRunnerWorker.run(SuiteRunnerWorker.java:95)
	at org.testng.TestNG.runSuitesSequentially(TestNG.java:1274)
	at org.testng.TestNG.runSuitesLocally(TestNG.java:1208)
	at org.testng.TestNG.runSuites(TestNG.java:1112)
	at org.testng.TestNG.run(TestNG.java:1079)
	at org.testng.remote.AbstractRemoteTestNG.run(AbstractRemoteTestNG.java:115)
	at org.testng.remote.RemoteTestNG.initAndRun(RemoteTestNG.java:293)
	at org.testng.remote.RemoteTestNG.main(RemoteTestNG.java:91)
</pre></div></td>
<td>18</td>
<td>testCasePackage.TestCase10_UpadateQuantity_RemoveFromCart@7770f470</td></tr>
</table><p>
<table width='100%' border='1' class='invocation-passed'>
<tr><td colspan='4' align='center'><b>PASSED TESTS</b></td></tr>
<tr><td><b>Test method</b></td>
<td><b>Attribute(s)</b></td>
<td width="30%"><b>Exception</b></td>
<td width="10%"><b>Time (seconds)</b></td>
<td><b>Instance</b></td>
</tr>
<tr>
<td title='testCasePackage.TestCase14_5StarRating_LastOrder.StarRating_LastOrder()'><b>StarRating_LastOrder</b><br>Test class: testCasePackage.TestCase14_5StarRating_LastOrder</td>
<td></td>
<td>48</td>
<td>testCasePackage.TestCase14_5StarRating_LastOrder@61322f9d</td></tr>
<tr>
<td title='testCasePackage.TestCase13_ApplyCouponCode.ApplyCouponCode()'><b>ApplyCouponCode</b><br>Test class: testCasePackage.TestCase13_ApplyCouponCode</td>
<td></td>
<td>82</td>
<td>testCasePackage.TestCase13_ApplyCouponCode@3bd82cf5</td></tr>
<tr>
<td title='testCasePackage.TestCase5_SearchShoes.searchShoes()'><b>searchShoes</b><br>Test class: testCasePackage.TestCase5_SearchShoes</td>
<td></td>
<td>17</td>
<td>testCasePackage.TestCase5_SearchShoes@b2c9a9c</td></tr>
<tr>
<td title='testCasePackage.TestCase7_ProductDetailsVerification_Price_Review_Description.productDetailsVerification_Price_Review_Description()'><b>productDetailsVerification_Price_Review_Description</b><br>Test class: testCasePackage.TestCase7_ProductDetailsVerification_Price_Review_Description</td>
<td></td>
<td>28</td>
<td>testCasePackage.TestCase7_ProductDetailsVerification_Price_Review_Description@510f3d34</td></tr>
<tr>
<td title='testCasePackage.TestCase9_ItemsCanAdded_ToShoppingCart.itemsCanAdded_ToShoppingCart()'><b>itemsCanAdded_ToShoppingCart</b><br>Test class: testCasePackage.TestCase9_ItemsCanAdded_ToShoppingCart</td>
<td></td>
<td>35</td>
<td>testCasePackage.TestCase9_ItemsCanAdded_ToShoppingCart@7817fd62</td></tr>
<tr>
<td title='testCasePackage.TestCase4_EditProfileInformation.editProfileInformation()'><b>editProfileInformation</b><br>Test class: testCasePackage.TestCase4_EditProfileInformation</td>
<td></td>
<td>35</td>
<td>testCasePackage.TestCase4_EditProfileInformation@2362f559</td></tr>
<tr>
<td title='testCasePackage.TestCase1_AmazonRegistartion.amazonRegistration()'><b>amazonRegistration</b><br>Test class: testCasePackage.TestCase1_AmazonRegistartion<br>Parameters: Pooja Lavhale, 9.9703532E9, Poojajay@15</td>
<td></td>
<td>3</td>
<td>testCasePackage.TestCase1_AmazonRegistartion@247bddad</td></tr>
<tr>
<td title='testCasePackage.TestCase2_AmazonValidLogin.validCredentials()'><b>validCredentials</b><br>Test class: testCasePackage.TestCase2_AmazonValidLogin<br>Parameters: ajay.s.kangude@gmail.com, Pranshi@25</td>
<td></td>
<td>46</td>
<td>testCasePackage.TestCase2_AmazonValidLogin@d35dea7</td></tr>
<tr>
<td title='testCasePackage.TestCase11_Checkout_PaymentMethod_orderReview_Address.checkout_PaymentMethod_orderReview_Address()'><b>checkout_PaymentMethod_orderReview_Address</b><br>Test class: testCasePackage.TestCase11_Checkout_PaymentMethod_orderReview_Address</td>
<td></td>
<td>86</td>
<td>testCasePackage.TestCase11_Checkout_PaymentMethod_orderReview_Address@544fa968</td></tr>
<tr>
<td title='testCasePackage.TestCase8_ProductSort_Relevance_Price_Rating.productSort_Relevance_Price_Rating()'><b>productSort_Relevance_Price_Rating</b><br>Test class: testCasePackage.TestCase8_ProductSort_Relevance_Price_Rating</td>
<td></td>
<td>37</td>
<td>testCasePackage.TestCase8_ProductSort_Relevance_Price_Rating@44c03695</td></tr>
<tr>
<td title='testCasePackage.TestCase15_WithoutLogin_AddToCart.withoutLogin_AddToCart()'><b>withoutLogin_AddToCart</b><br>Test class: testCasePackage.TestCase15_WithoutLogin_AddToCart</td>
<td></td>
<td>38</td>
<td>testCasePackage.TestCase15_WithoutLogin_AddToCart@6ad82709</td></tr>
<tr>
<td title='testCasePackage.TestCase3_AmazonInValidLogin.amazonInvalidLogin()'><b>amazonInvalidLogin</b><br>Test class: testCasePackage.TestCase3_AmazonInValidLogin<br>Parameters: ajay.s.kangude@gmail.com, Pranshi@</td>
<td></td>
<td>11</td>
<td>testCasePackage.TestCase3_AmazonInValidLogin@4c178a76</td></tr>
<tr>
<td title='testCasePackage.TestCase6_SearchWithFilter.searchWithFilter()'><b>searchWithFilter</b><br>Test class: testCasePackage.TestCase6_SearchWithFilter</td>
<td></td>
<td>39</td>
<td>testCasePackage.TestCase6_SearchWithFilter@8297b3a</td></tr>
<tr>
<td title='testCasePackage.TestCase12_SelectEachPaymentMethod.selectEachPaymentMethod()'><b>selectEachPaymentMethod</b><br>Test class: testCasePackage.TestCase12_SelectEachPaymentMethod</td>
<td></td>
<td>69</td>
<td>testCasePackage.TestCase12_SelectEachPaymentMethod@fa4c865</td></tr>
</table><p>
</body>
</html>